app/build/intermediates/manifest_merge_blame_file/debug/manifest-merger-blame-debug-report.txt
1<?xml version="1.0" encoding="utf-8"?>
2<manifest xmlns:android="http://schemas.android.com/apk/res/android"
3    package="com.nilscreation.healthfacts"
4    android:versionCode="1"
5    android:versionName="1.0" >
6
7    <uses-sdk
8        android:minSdkVersion="23"
8-->src\main\AndroidManifest.xml
9        android:targetSdkVersion="32" />
9-->src\main\AndroidManifest.xml
10
11    <uses-permission android:name="android.permission.ACCESS_NETWORK_STATE" />
11-->src\main\AndroidManifest.xml:4:5-79
11-->src\main\AndroidManifest.xml:4:22-76
12    <uses-permission android:name="android.permission.SET_WALLPAPER" />
12-->src\main\AndroidManifest.xml:5:5-72
12-->src\main\AndroidManifest.xml:5:22-69
13    <uses-permission android:name="android.permission.WRITE_EXTERNAL_STORAGE" />
13-->src\main\AndroidManifest.xml:6:5-81
13-->src\main\AndroidManifest.xml:6:22-78
14    <uses-permission android:name="android.permission.READ_EXTERNAL_STORAGE" />
14-->src\main\AndroidManifest.xml:7:5-80
14-->src\main\AndroidManifest.xml:7:22-77
15    <uses-permission android:name="android.permission.INTERNET" />
15-->src\main\AndroidManifest.xml:8:5-67
15-->src\main\AndroidManifest.xml:8:22-64
16    <uses-permission android:name="android.permission.POST_NOTIFICATIONS" />
16-->[com.google.firebase:firebase-messaging:23.1.1] AndroidManifest.xml:25:5-77
16-->[com.google.firebase:firebase-messaging:23.1.1] AndroidManifest.xml:25:22-74
17    <uses-permission android:name="android.permission.WAKE_LOCK" /> <!-- Required by older versions of Google Play services to create IID tokens -->
17-->[com.google.firebase:firebase-messaging:23.1.1] AndroidManifest.xml:26:5-68
17-->[com.google.firebase:firebase-messaging:23.1.1] AndroidManifest.xml:26:22-65
18    <uses-permission android:name="com.google.android.c2dm.permission.RECEIVE" />
18-->[com.google.firebase:firebase-messaging:23.1.1] AndroidManifest.xml:28:5-82
18-->[com.google.firebase:firebase-messaging:23.1.1] AndroidManifest.xml:28:22-79
19    <uses-permission android:name="com.google.android.gms.permission.AD_ID" /> <!-- Android package visibility setting -->
19-->[com.google.android.gms:play-services-measurement-api:21.2.0] AndroidManifest.xml:25:5-79
19-->[com.google.android.gms:play-services-measurement-api:21.2.0] AndroidManifest.xml:25:22-76
20    <queries>
20-->[com.google.android.gms:play-services-ads-lite:21.4.0] AndroidManifest.xml:29:5-45:15
21
22        <!-- For browser content -->
23        <intent>
23-->[com.google.android.gms:play-services-ads-lite:21.4.0] AndroidManifest.xml:32:9-38:18
24            <action android:name="android.intent.action.VIEW" />
24-->[com.google.android.gms:play-services-ads-lite:21.4.0] AndroidManifest.xml:33:13-65
24-->[com.google.android.gms:play-services-ads-lite:21.4.0] AndroidManifest.xml:33:21-62
25
26            <category android:name="android.intent.category.BROWSABLE" />
26-->[com.google.android.gms:play-services-ads-lite:21.4.0] AndroidManifest.xml:35:13-74
26-->[com.google.android.gms:play-services-ads-lite:21.4.0] AndroidManifest.xml:35:23-71
27
28            <data android:scheme="https" />
28-->[com.google.android.gms:play-services-ads-lite:21.4.0] AndroidManifest.xml:37:13-44
28-->[com.google.android.gms:play-services-ads-lite:21.4.0] AndroidManifest.xml:37:19-41
29        </intent>
30        <!-- End of browser content -->
31        <!-- For CustomTabsService -->
32        <intent>
32-->[com.google.android.gms:play-services-ads-lite:21.4.0] AndroidManifest.xml:41:9-43:18
33            <action android:name="android.support.customtabs.action.CustomTabsService" />
33-->[com.google.android.gms:play-services-ads-lite:21.4.0] AndroidManifest.xml:42:13-90
33-->[com.google.android.gms:play-services-ads-lite:21.4.0] AndroidManifest.xml:42:21-87
34        </intent>
35        <!-- End of CustomTabsService -->
36    </queries>
37
38    <uses-permission android:name="com.google.android.finsky.permission.BIND_GET_INSTALL_REFERRER_SERVICE" />
38-->[com.google.android.gms:play-services-measurement:21.2.0] AndroidManifest.xml:26:5-110
38-->[com.google.android.gms:play-services-measurement:21.2.0] AndroidManifest.xml:26:22-107
39    <uses-permission android:name="android.permission.RECEIVE_BOOT_COMPLETED" />
39-->[androidx.work:work-runtime:2.7.0] AndroidManifest.xml:27:5-81
39-->[androidx.work:work-runtime:2.7.0] AndroidManifest.xml:27:22-78
40    <uses-permission android:name="android.permission.FOREGROUND_SERVICE" />
40-->[androidx.work:work-runtime:2.7.0] AndroidManifest.xml:28:5-77
40-->[androidx.work:work-runtime:2.7.0] AndroidManifest.xml:28:22-74
41
42    <application
42-->src\main\AndroidManifest.xml:10:5-68:19
43        android:allowBackup="true"
43-->src\main\AndroidManifest.xml:11:9-35
44        android:appComponentFactory="androidx.core.app.CoreComponentFactory"
44-->[androidx.core:core:1.8.0] AndroidManifest.xml:24:18-86
45        android:debuggable="true"
46        android:extractNativeLibs="false"
47        android:icon="@mipmap/ic_launcher"
47-->src\main\AndroidManifest.xml:12:9-43
48        android:label="@string/app_name"
48-->src\main\AndroidManifest.xml:13:9-41
49        android:roundIcon="@mipmap/ic_launcher"
49-->src\main\AndroidManifest.xml:14:9-48
50        android:supportsRtl="true"
50-->src\main\AndroidManifest.xml:15:9-35
51        android:testOnly="true"
52        android:theme="@style/Theme.MovieList" >
52-->src\main\AndroidManifest.xml:16:9-47
53        <activity
53-->src\main\AndroidManifest.xml:17:9-23:20
54            android:name="com.nilscreation.healthfacts.HomeActivity"
54-->src\main\AndroidManifest.xml:18:13-69
55            android:exported="false" >
55-->src\main\AndroidManifest.xml:19:13-37
56            <meta-data
56-->src\main\AndroidManifest.xml:20:13-22:36
57                android:name="android.app.lib_name"
57-->src\main\AndroidManifest.xml:21:17-52
58                android:value="" />
58-->src\main\AndroidManifest.xml:22:17-33
59        </activity>
60        <activity android:name="com.nilscreation.healthfacts.DetailActivity" />
60-->src\main\AndroidManifest.xml:24:9-80
60-->src\main\AndroidManifest.xml:24:19-77
61        <activity
61-->src\main\AndroidManifest.xml:25:9-33:20
62            android:name="com.nilscreation.healthfacts.splash"
62-->src\main\AndroidManifest.xml:26:13-63
63            android:exported="true" >
63-->src\main\AndroidManifest.xml:27:13-36
64            <intent-filter>
64-->src\main\AndroidManifest.xml:28:13-32:29
65                <action android:name="android.intent.action.MAIN" />
65-->src\main\AndroidManifest.xml:29:17-69
65-->src\main\AndroidManifest.xml:29:25-66
66
67                <category android:name="android.intent.category.LAUNCHER" />
67-->src\main\AndroidManifest.xml:31:17-77
67-->src\main\AndroidManifest.xml:31:27-74
68            </intent-filter>
69        </activity>
70
71        <meta-data
71-->src\main\AndroidManifest.xml:35:9-37:55
72            android:name="com.google.firebase.messaging.default_notification_icon"
72-->src\main\AndroidManifest.xml:36:13-83
73            android:resource="@drawable/logo_small" />
73-->src\main\AndroidManifest.xml:37:13-52
74
75        <!-- <meta-data -->
76        <!-- android:name="com.google.firebase.messaging.default_notification_color" -->
77        <!-- android:resource="@color/white" /> -->
78
79        <meta-data
79-->src\main\AndroidManifest.xml:43:9-45:57
80            android:name="preloaded_fonts"
80-->src\main\AndroidManifest.xml:44:13-43
81            android:resource="@array/preloaded_fonts" />
81-->src\main\AndroidManifest.xml:45:13-54
82        <meta-data
82-->src\main\AndroidManifest.xml:47:9-49:70
83            android:name="com.google.android.gms.ads.APPLICATION_ID"
83-->src\main\AndroidManifest.xml:48:13-69
84            android:value="ca-app-pub-9137303962163689~7304589033" />
84-->src\main\AndroidManifest.xml:49:13-67
85
86        <service
86-->src\main\AndroidManifest.xml:51:9-57:19
87            android:name="com.nilscreation.healthfacts.FirebaseMsgService"
87-->src\main\AndroidManifest.xml:52:13-75
88            android:exported="false" >
88-->src\main\AndroidManifest.xml:53:13-37
89            <intent-filter>
89-->src\main\AndroidManifest.xml:54:13-56:29
90                <action android:name="com.google.firebase.MESSAGING_EVENT" />
90-->src\main\AndroidManifest.xml:55:17-78
90-->src\main\AndroidManifest.xml:55:25-75
91            </intent-filter>
92        </service>
93
94        <provider
94-->src\main\AndroidManifest.xml:59:9-67:20
95            android:name="androidx.core.content.FileProvider"
95-->src\main\AndroidManifest.xml:60:13-62
96            android:authorities="com.nilscreation.healthfacts"
96-->src\main\AndroidManifest.xml:61:13-63
97            android:exported="false"
97-->src\main\AndroidManifest.xml:62:13-37
98            android:grantUriPermissions="true" >
98-->src\main\AndroidManifest.xml:63:13-47
99            <meta-data
99-->src\main\AndroidManifest.xml:64:13-66:49
100                android:name="android.support.FILE_PROVIDER_PATHS"
100-->src\main\AndroidManifest.xml:65:17-67
101                android:resource="@xml/paths" />
101-->src\main\AndroidManifest.xml:66:17-46
102        </provider>
103
104        <service
104-->[com.google.firebase:firebase-database-ktx:20.1.0] AndroidManifest.xml:11:9-17:19
105            android:name="com.google.firebase.components.ComponentDiscoveryService"
105-->[com.google.firebase:firebase-database-ktx:20.1.0] AndroidManifest.xml:12:13-84
106            android:directBootAware="true"
106-->[com.google.firebase:firebase-common:20.2.0] AndroidManifest.xml:34:13-43
107            android:exported="false" >
107-->[com.google.firebase:firebase-database-ktx:20.1.0] AndroidManifest.xml:13:13-37
108            <meta-data
108-->[com.google.firebase:firebase-database-ktx:20.1.0] AndroidManifest.xml:14:13-16:85
109                android:name="com.google.firebase.components:com.google.firebase.database.ktx.FirebaseDatabaseKtxRegistrar"
109-->[com.google.firebase:firebase-database-ktx:20.1.0] AndroidManifest.xml:15:17-124
110                android:value="com.google.firebase.components.ComponentRegistrar" />
110-->[com.google.firebase:firebase-database-ktx:20.1.0] AndroidManifest.xml:16:17-82
111            <meta-data
111-->[com.google.firebase:firebase-database:20.1.0] AndroidManifest.xml:31:13-33:85
112                android:name="com.google.firebase.components:com.google.firebase.database.DatabaseRegistrar"
112-->[com.google.firebase:firebase-database:20.1.0] AndroidManifest.xml:32:17-109
113                android:value="com.google.firebase.components.ComponentRegistrar" />
113-->[com.google.firebase:firebase-database:20.1.0] AndroidManifest.xml:33:17-82
114            <meta-data
114-->[com.google.firebase:firebase-messaging:23.1.1] AndroidManifest.xml:55:13-57:85
115                android:name="com.google.firebase.components:com.google.firebase.messaging.FirebaseMessagingRegistrar"
115-->[com.google.firebase:firebase-messaging:23.1.1] AndroidManifest.xml:56:17-119
116                android:value="com.google.firebase.components.ComponentRegistrar" />
116-->[com.google.firebase:firebase-messaging:23.1.1] AndroidManifest.xml:57:17-82
117            <meta-data
117-->[com.google.firebase:firebase-common-ktx:20.2.0] AndroidManifest.xml:14:13-16:85
118                android:name="com.google.firebase.components:com.google.firebase.ktx.FirebaseCommonKtxRegistrar"
118-->[com.google.firebase:firebase-common-ktx:20.2.0] AndroidManifest.xml:15:17-113
119                android:value="com.google.firebase.components.ComponentRegistrar" />
119-->[com.google.firebase:firebase-common-ktx:20.2.0] AndroidManifest.xml:16:17-82
120            <meta-data
120-->[com.google.android.gms:play-services-measurement-api:21.2.0] AndroidManifest.xml:31:13-33:85
121                android:name="com.google.firebase.components:com.google.firebase.analytics.connector.internal.AnalyticsConnectorRegistrar"
121-->[com.google.android.gms:play-services-measurement-api:21.2.0] AndroidManifest.xml:32:17-139
122                android:value="com.google.firebase.components.ComponentRegistrar" />
122-->[com.google.android.gms:play-services-measurement-api:21.2.0] AndroidManifest.xml:33:17-82
123            <meta-data
123-->[com.google.firebase:firebase-datatransport:18.1.7] AndroidManifest.xml:27:13-29:85
124                android:name="com.google.firebase.components:com.google.firebase.datatransport.TransportRegistrar"
124-->[com.google.firebase:firebase-datatransport:18.1.7] AndroidManifest.xml:28:17-115
125                android:value="com.google.firebase.components.ComponentRegistrar" />
125-->[com.google.firebase:firebase-datatransport:18.1.7] AndroidManifest.xml:29:17-82
126            <meta-data
126-->[com.google.firebase:firebase-installations:17.1.0] AndroidManifest.xml:17:13-19:85
127                android:name="com.google.firebase.components:com.google.firebase.installations.FirebaseInstallationsRegistrar"
127-->[com.google.firebase:firebase-installations:17.1.0] AndroidManifest.xml:18:17-127
128                android:value="com.google.firebase.components.ComponentRegistrar" />
128-->[com.google.firebase:firebase-installations:17.1.0] AndroidManifest.xml:19:17-82
129        </service>
130
131        <receiver
131-->[com.google.firebase:firebase-messaging:23.1.1] AndroidManifest.xml:31:9-38:20
132            android:name="com.google.firebase.iid.FirebaseInstanceIdReceiver"
132-->[com.google.firebase:firebase-messaging:23.1.1] AndroidManifest.xml:32:13-78
133            android:exported="true"
133-->[com.google.firebase:firebase-messaging:23.1.1] AndroidManifest.xml:33:13-36
134            android:permission="com.google.android.c2dm.permission.SEND" >
134-->[com.google.firebase:firebase-messaging:23.1.1] AndroidManifest.xml:34:13-73
135            <intent-filter>
135-->[com.google.firebase:firebase-messaging:23.1.1] AndroidManifest.xml:35:13-37:29
136                <action android:name="com.google.android.c2dm.intent.RECEIVE" />
136-->[com.google.firebase:firebase-messaging:23.1.1] AndroidManifest.xml:36:17-81
136-->[com.google.firebase:firebase-messaging:23.1.1] AndroidManifest.xml:36:25-78
137            </intent-filter>
138        </receiver>
139        <!--
140             FirebaseMessagingService performs security checks at runtime,
141             but set to not exported to explicitly avoid allowing another app to call it.
142        -->
143        <service
143-->[com.google.firebase:firebase-messaging:23.1.1] AndroidManifest.xml:44:9-51:19
144            android:name="com.google.firebase.messaging.FirebaseMessagingService"
144-->[com.google.firebase:firebase-messaging:23.1.1] AndroidManifest.xml:45:13-82
145            android:directBootAware="true"
145-->[com.google.firebase:firebase-messaging:23.1.1] AndroidManifest.xml:46:13-43
146            android:exported="false" >
146-->[com.google.firebase:firebase-messaging:23.1.1] AndroidManifest.xml:47:13-37
147            <intent-filter android:priority="-500" >
147-->src\main\AndroidManifest.xml:54:13-56:29
148                <action android:name="com.google.firebase.MESSAGING_EVENT" />
148-->src\main\AndroidManifest.xml:55:17-78
148-->src\main\AndroidManifest.xml:55:25-75
149            </intent-filter>
150        </service>
151
152        <activity
152-->[com.google.android.gms:play-services-base:18.1.0] AndroidManifest.xml:20:9-22:45
153            android:name="com.google.android.gms.common.api.GoogleApiActivity"
153-->[com.google.android.gms:play-services-base:18.1.0] AndroidManifest.xml:20:19-85
154            android:exported="false"
154-->[com.google.android.gms:play-services-base:18.1.0] AndroidManifest.xml:22:19-43
155            android:theme="@android:style/Theme.Translucent.NoTitleBar" />
155-->[com.google.android.gms:play-services-base:18.1.0] AndroidManifest.xml:21:19-78
156
157        <provider
157-->[com.google.firebase:firebase-common:20.2.0] AndroidManifest.xml:25:9-30:39
158            android:name="com.google.firebase.provider.FirebaseInitProvider"
158-->[com.google.firebase:firebase-common:20.2.0] AndroidManifest.xml:26:13-77
159            android:authorities="com.nilscreation.healthfacts.firebaseinitprovider"
159-->[com.google.firebase:firebase-common:20.2.0] AndroidManifest.xml:27:13-72
160            android:directBootAware="true"
160-->[com.google.firebase:firebase-common:20.2.0] AndroidManifest.xml:28:13-43
161            android:exported="false"
161-->[com.google.firebase:firebase-common:20.2.0] AndroidManifest.xml:29:13-37
162            android:initOrder="100" /> <!-- Include the AdActivity and InAppPurchaseActivity configChanges and themes. -->
162-->[com.google.firebase:firebase-common:20.2.0] AndroidManifest.xml:30:13-36
163        <activity
163-->[com.google.android.gms:play-services-ads-lite:21.4.0] AndroidManifest.xml:50:9-55:43
164            android:name="com.google.android.gms.ads.AdActivity"
164-->[com.google.android.gms:play-services-ads-lite:21.4.0] AndroidManifest.xml:51:13-65
165            android:configChanges="keyboard|keyboardHidden|orientation|screenLayout|uiMode|screenSize|smallestScreenSize"
165-->[com.google.android.gms:play-services-ads-lite:21.4.0] AndroidManifest.xml:52:13-122
166            android:exported="false"
166-->[com.google.android.gms:play-services-ads-lite:21.4.0] AndroidManifest.xml:53:13-37
167            android:theme="@android:style/Theme.Translucent" />
167-->[com.google.android.gms:play-services-ads-lite:21.4.0] AndroidManifest.xml:54:13-61
168
169        <provider
169-->[com.google.android.gms:play-services-ads-lite:21.4.0] AndroidManifest.xml:57:9-62:43
170            android:name="com.google.android.gms.ads.MobileAdsInitProvider"
170-->[com.google.android.gms:play-services-ads-lite:21.4.0] AndroidManifest.xml:58:13-76
171            android:authorities="com.nilscreation.healthfacts.mobileadsinitprovider"
171-->[com.google.android.gms:play-services-ads-lite:21.4.0] AndroidManifest.xml:59:13-73
172            android:exported="false"
172-->[com.google.android.gms:play-services-ads-lite:21.4.0] AndroidManifest.xml:60:13-37
173            android:initOrder="100" />
173-->[com.google.android.gms:play-services-ads-lite:21.4.0] AndroidManifest.xml:61:13-36
174
175        <service
175-->[com.google.android.gms:play-services-ads-lite:21.4.0] AndroidManifest.xml:64:9-68:43
176            android:name="com.google.android.gms.ads.AdService"
176-->[com.google.android.gms:play-services-ads-lite:21.4.0] AndroidManifest.xml:65:13-64
177            android:enabled="true"
177-->[com.google.android.gms:play-services-ads-lite:21.4.0] AndroidManifest.xml:66:13-35
178            android:exported="false" />
178-->[com.google.android.gms:play-services-ads-lite:21.4.0] AndroidManifest.xml:67:13-37
179
180        <activity
180-->[com.google.android.gms:play-services-ads-lite:21.4.0] AndroidManifest.xml:70:9-74:43
181            android:name="com.google.android.gms.ads.OutOfContextTestingActivity"
181-->[com.google.android.gms:play-services-ads-lite:21.4.0] AndroidManifest.xml:71:13-82
182            android:configChanges="keyboard|keyboardHidden|orientation|screenLayout|uiMode|screenSize|smallestScreenSize"
182-->[com.google.android.gms:play-services-ads-lite:21.4.0] AndroidManifest.xml:72:13-122
183            android:exported="false" />
183-->[com.google.android.gms:play-services-ads-lite:21.4.0] AndroidManifest.xml:73:13-37
184
185        <receiver
185-->[com.google.android.gms:play-services-measurement:21.2.0] AndroidManifest.xml:29:9-33:20
186            android:name="com.google.android.gms.measurement.AppMeasurementReceiver"
186-->[com.google.android.gms:play-services-measurement:21.2.0] AndroidManifest.xml:30:13-85
187            android:enabled="true"
187-->[com.google.android.gms:play-services-measurement:21.2.0] AndroidManifest.xml:31:13-35
188            android:exported="false" >
188-->[com.google.android.gms:play-services-measurement:21.2.0] AndroidManifest.xml:32:13-37
189        </receiver>
190
191        <service
191-->[com.google.android.gms:play-services-measurement:21.2.0] AndroidManifest.xml:35:9-38:40
192            android:name="com.google.android.gms.measurement.AppMeasurementService"
192-->[com.google.android.gms:play-services-measurement:21.2.0] AndroidManifest.xml:36:13-84
193            android:enabled="true"
193-->[com.google.android.gms:play-services-measurement:21.2.0] AndroidManifest.xml:37:13-35
194            android:exported="false" />
194-->[com.google.android.gms:play-services-measurement:21.2.0] AndroidManifest.xml:38:13-37
195        <service
195-->[com.google.android.gms:play-services-measurement:21.2.0] AndroidManifest.xml:39:9-43:72
196            android:name="com.google.android.gms.measurement.AppMeasurementJobService"
196-->[com.google.android.gms:play-services-measurement:21.2.0] AndroidManifest.xml:40:13-87
197            android:enabled="true"
197-->[com.google.android.gms:play-services-measurement:21.2.0] AndroidManifest.xml:41:13-35
198            android:exported="false"
198-->[com.google.android.gms:play-services-measurement:21.2.0] AndroidManifest.xml:42:13-37
199            android:permission="android.permission.BIND_JOB_SERVICE" />
199-->[com.google.android.gms:play-services-measurement:21.2.0] AndroidManifest.xml:43:13-69
200
201        <meta-data
201-->[com.google.android.gms:play-services-basement:18.1.0] AndroidManifest.xml:21:9-23:69
202            android:name="com.google.android.gms.version"
202-->[com.google.android.gms:play-services-basement:18.1.0] AndroidManifest.xml:22:13-58
203            android:value="@integer/google_play_services_version" />
203-->[com.google.android.gms:play-services-basement:18.1.0] AndroidManifest.xml:23:13-66
204
205        <service
205-->[com.google.android.datatransport:transport-backend-cct:3.1.8] AndroidManifest.xml:28:9-34:19
206            android:name="com.google.android.datatransport.runtime.backends.TransportBackendDiscovery"
206-->[com.google.android.datatransport:transport-backend-cct:3.1.8] AndroidManifest.xml:29:13-103
207            android:exported="false" >
207-->[com.google.android.datatransport:transport-backend-cct:3.1.8] AndroidManifest.xml:30:13-37
208            <meta-data
208-->[com.google.android.datatransport:transport-backend-cct:3.1.8] AndroidManifest.xml:31:13-33:39
209                android:name="backend:com.google.android.datatransport.cct.CctBackendFactory"
209-->[com.google.android.datatransport:transport-backend-cct:3.1.8] AndroidManifest.xml:32:17-94
210                android:value="cct" />
210-->[com.google.android.datatransport:transport-backend-cct:3.1.8] AndroidManifest.xml:33:17-36
211        </service>
212        <service
212-->[com.google.android.datatransport:transport-runtime:3.1.8] AndroidManifest.xml:26:9-30:19
213            android:name="com.google.android.datatransport.runtime.scheduling.jobscheduling.JobInfoSchedulerService"
213-->[com.google.android.datatransport:transport-runtime:3.1.8] AndroidManifest.xml:27:13-117
214            android:exported="false"
214-->[com.google.android.datatransport:transport-runtime:3.1.8] AndroidManifest.xml:28:13-37
215            android:permission="android.permission.BIND_JOB_SERVICE" >
215-->[com.google.android.datatransport:transport-runtime:3.1.8] AndroidManifest.xml:29:13-69
216        </service>
217
218        <receiver
218-->[com.google.android.datatransport:transport-runtime:3.1.8] AndroidManifest.xml:32:9-34:40
219            android:name="com.google.android.datatransport.runtime.scheduling.jobscheduling.AlarmManagerSchedulerBroadcastReceiver"
219-->[com.google.android.datatransport:transport-runtime:3.1.8] AndroidManifest.xml:33:13-132
220            android:exported="false" />
220-->[com.google.android.datatransport:transport-runtime:3.1.8] AndroidManifest.xml:34:13-37
221
222        <provider
222-->[androidx.emoji2:emoji2:1.2.0] AndroidManifest.xml:24:9-32:20
223            android:name="androidx.startup.InitializationProvider"
223-->[androidx.emoji2:emoji2:1.2.0] AndroidManifest.xml:25:13-67
224            android:authorities="com.nilscreation.healthfacts.androidx-startup"
224-->[androidx.emoji2:emoji2:1.2.0] AndroidManifest.xml:26:13-68
225            android:exported="false" >
225-->[androidx.emoji2:emoji2:1.2.0] AndroidManifest.xml:27:13-37
226            <meta-data
226-->[androidx.emoji2:emoji2:1.2.0] AndroidManifest.xml:29:13-31:52
227                android:name="androidx.emoji2.text.EmojiCompatInitializer"
227-->[androidx.emoji2:emoji2:1.2.0] AndroidManifest.xml:30:17-75
228                android:value="androidx.startup" />
228-->[androidx.emoji2:emoji2:1.2.0] AndroidManifest.xml:31:17-49
229            <meta-data
229-->[androidx.work:work-runtime:2.7.0] AndroidManifest.xml:36:13-38:52
230                android:name="androidx.work.WorkManagerInitializer"
230-->[androidx.work:work-runtime:2.7.0] AndroidManifest.xml:37:17-68
231                android:value="androidx.startup" />
231-->[androidx.work:work-runtime:2.7.0] AndroidManifest.xml:38:17-49
232            <meta-data
232-->[androidx.lifecycle:lifecycle-process:2.4.1] AndroidManifest.xml:31:13-33:52
233                android:name="androidx.lifecycle.ProcessLifecycleInitializer"
233-->[androidx.lifecycle:lifecycle-process:2.4.1] AndroidManifest.xml:32:17-78
234                android:value="androidx.startup" />
234-->[androidx.lifecycle:lifecycle-process:2.4.1] AndroidManifest.xml:33:17-49
235        </provider>
236
237        <service
237-->[androidx.work:work-runtime:2.7.0] AndroidManifest.xml:41:9-46:35
238            android:name="androidx.work.impl.background.systemalarm.SystemAlarmService"
238-->[androidx.work:work-runtime:2.7.0] AndroidManifest.xml:42:13-88
239            android:directBootAware="false"
239-->[androidx.work:work-runtime:2.7.0] AndroidManifest.xml:43:13-44
240            android:enabled="@bool/enable_system_alarm_service_default"
240-->[androidx.work:work-runtime:2.7.0] AndroidManifest.xml:44:13-72
241            android:exported="false" />
241-->[androidx.work:work-runtime:2.7.0] AndroidManifest.xml:45:13-37
242        <service
242-->[androidx.work:work-runtime:2.7.0] AndroidManifest.xml:47:9-53:35
243            android:name="androidx.work.impl.background.systemjob.SystemJobService"
243-->[androidx.work:work-runtime:2.7.0] AndroidManifest.xml:48:13-84
244            android:directBootAware="false"
244-->[androidx.work:work-runtime:2.7.0] AndroidManifest.xml:49:13-44
245            android:enabled="@bool/enable_system_job_service_default"
245-->[androidx.work:work-runtime:2.7.0] AndroidManifest.xml:50:13-70
246            android:exported="true"
246-->[androidx.work:work-runtime:2.7.0] AndroidManifest.xml:51:13-36
247            android:permission="android.permission.BIND_JOB_SERVICE" />
247-->[androidx.work:work-runtime:2.7.0] AndroidManifest.xml:52:13-69
248        <service
248-->[androidx.work:work-runtime:2.7.0] AndroidManifest.xml:54:9-59:35
249            android:name="androidx.work.impl.foreground.SystemForegroundService"
249-->[androidx.work:work-runtime:2.7.0] AndroidManifest.xml:55:13-81
250            android:directBootAware="false"
250-->[androidx.work:work-runtime:2.7.0] AndroidManifest.xml:56:13-44
251            android:enabled="@bool/enable_system_foreground_service_default"
251-->[androidx.work:work-runtime:2.7.0] AndroidManifest.xml:57:13-77
252            android:exported="false" />
252-->[androidx.work:work-runtime:2.7.0] AndroidManifest.xml:58:13-37
253
254        <receiver
254-->[androidx.work:work-runtime:2.7.0] AndroidManifest.xml:61:9-66:35
255            android:name="androidx.work.impl.utils.ForceStopRunnable$BroadcastReceiver"
255-->[androidx.work:work-runtime:2.7.0] AndroidManifest.xml:62:13-88
256            android:directBootAware="false"
256-->[androidx.work:work-runtime:2.7.0] AndroidManifest.xml:63:13-44
257            android:enabled="true"
257-->[androidx.work:work-runtime:2.7.0] AndroidManifest.xml:64:13-35
258            android:exported="false" />
258-->[androidx.work:work-runtime:2.7.0] AndroidManifest.xml:65:13-37
259        <receiver
259-->[androidx.work:work-runtime:2.7.0] AndroidManifest.xml:67:9-77:20
260            android:name="androidx.work.impl.background.systemalarm.ConstraintProxy$BatteryChargingProxy"
260-->[androidx.work:work-runtime:2.7.0] AndroidManifest.xml:68:13-106
261            android:directBootAware="false"
261-->[androidx.work:work-runtime:2.7.0] AndroidManifest.xml:69:13-44
262            android:enabled="false"
262-->[androidx.work:work-runtime:2.7.0] AndroidManifest.xml:70:13-36
263            android:exported="false" >
263-->[androidx.work:work-runtime:2.7.0] AndroidManifest.xml:71:13-37
264            <intent-filter>
264-->[androidx.work:work-runtime:2.7.0] AndroidManifest.xml:73:13-76:29
265                <action android:name="android.intent.action.ACTION_POWER_CONNECTED" />
265-->[androidx.work:work-runtime:2.7.0] AndroidManifest.xml:74:17-87
265-->[androidx.work:work-runtime:2.7.0] AndroidManifest.xml:74:25-84
266                <action android:name="android.intent.action.ACTION_POWER_DISCONNECTED" />
266-->[androidx.work:work-runtime:2.7.0] AndroidManifest.xml:75:17-90
266-->[androidx.work:work-runtime:2.7.0] AndroidManifest.xml:75:25-87
267            </intent-filter>
268        </receiver>
269        <receiver
269-->[androidx.work:work-runtime:2.7.0] AndroidManifest.xml:78:9-88:20
270            android:name="androidx.work.impl.background.systemalarm.ConstraintProxy$BatteryNotLowProxy"
270-->[androidx.work:work-runtime:2.7.0] AndroidManifest.xml:79:13-104
271            android:directBootAware="false"
271-->[androidx.work:work-runtime:2.7.0] AndroidManifest.xml:80:13-44
272            android:enabled="false"
272-->[androidx.work:work-runtime:2.7.0] AndroidManifest.xml:81:13-36
273            android:exported="false" >
273-->[androidx.work:work-runtime:2.7.0] AndroidManifest.xml:82:13-37
274            <intent-filter>